<?xml version="1.0" encoding="UTF-8"?>
<!-- Generated by org.testng.reporters.JUnitXMLReporter -->
<testsuite ignored="0" hostname="QT-INBG-LT0236" failures="0" tests="3" name="Default test" time="18.044" errors="0" timestamp="2022-06-17T07:10:08 IST">
  <testcase classname="mobileWorld.homepage" name="Lanching_the_Browser" time="8.326"/>
  <testcase classname="mobileWorld.order" name="search" time="3.317"/>
  <testcase classname="mobileWorld.order" name="Order" time="6.349"/>
</testsuite> <!-- Default test -->
