<?xml version="1.0" encoding="UTF-8"?>
<!-- Generated by org.testng.reporters.JUnitXMLReporter -->
<testsuite ignored="0" hostname="QT-INBG-LT0236" failures="0" tests="8" name="mobileWorld" time="56.27" errors="0" timestamp="2022-06-17T06:36:18 IST">
  <testcase classname="mobileWorld.homepage" name="Lanching_the_Browser" time="8.061"/>
  <testcase classname="mobileWorld.homepage" name="Lanching_the_Browser" time="7.568"/>
  <testcase classname="mobileWorld.login" name="Sigup_for_mobiles" time="6.55"/>
  <testcase classname="mobileWorld.homepage" name="Lanching_the_Browser" time="11.905"/>
  <testcase classname="mobileWorld.order" name="search" time="3.664"/>
  <testcase classname="mobileWorld.order" name="Order" time="7.179"/>
  <testcase classname="mobileWorld.homepage" name="Lanching_the_Browser" time="6.949"/>
  <testcase classname="mobileWorld.contactus" name="contactUs" time="4.318"/>
</testsuite> <!-- mobileWorld -->
