<?xml version="1.0" encoding="UTF-8"?>
<testng-results ignored="0" total="3" passed="3" failed="0" skipped="0">
  <reporter-output>
  </reporter-output>
  <suite started-at="2022-06-17T07:09:50 IST" name="Default suite" finished-at="2022-06-17T07:10:08 IST" duration-ms="18044">
    <groups>
    </groups>
    <test started-at="2022-06-17T07:09:50 IST" name="Default test" finished-at="2022-06-17T07:10:08 IST" duration-ms="18044">
      <class name="mobileWorld.order">
        <test-method signature="Lanching_the_Browser()[pri:0, instance:mobileWorld.order@10feca44]" started-at="2022-06-17T07:09:50 IST" name="Lanching_the_Browser" finished-at="2022-06-17T07:09:58 IST" duration-ms="8326" status="PASS">
          <reporter-output>
          </reporter-output>
        </test-method> <!-- Lanching_the_Browser -->
        <test-method signature="search()[pri:2, instance:mobileWorld.order@10feca44]" started-at="2022-06-17T07:09:58 IST" name="search" finished-at="2022-06-17T07:10:01 IST" duration-ms="3317" status="PASS">
          <reporter-output>
          </reporter-output>
        </test-method> <!-- search -->
        <test-method signature="Order()[pri:3, instance:mobileWorld.order@10feca44]" started-at="2022-06-17T07:10:01 IST" name="Order" finished-at="2022-06-17T07:10:08 IST" duration-ms="6349" status="PASS">
          <reporter-output>
          </reporter-output>
        </test-method> <!-- Order -->
      </class> <!-- mobileWorld.order -->
    </test> <!-- Default test -->
  </suite> <!-- Default suite -->
</testng-results>
